#
# There is insufficient memory for the Java Runtime Environment to continue.
# Native memory allocation (malloc) failed to allocate 1886736 bytes. Error detail: Chunk::new
# Possible reasons:
#   The system is out of physical RAM or swap space
#   This process is running with CompressedOops enabled, and the Java Heap may be blocking the growth of the native heap
# Possible solutions:
#   Reduce memory load on the system
#   Increase physical memory or swap space
#   Check if swap backing store is full
#   Decrease Java heap size (-Xmx/-Xms)
#   Decrease number of Java threads
#   Decrease Java thread stack sizes (-Xss)
#   Set larger code cache with -XX:ReservedCodeCacheSize=
#   JVM is running with Unscaled Compressed Oops mode in which the Java heap is
#     placed in the first 4GB address space. The Java Heap base address is the
#     maximum limit for the native heap growth. Please use -XX:HeapBaseMinAddress
#     to set the Java Heap base and to place the Java Heap above 4GB virtual address.
# This output file may be truncated or incomplete.
#
#  Out of Memory Error (arena.cpp:168), pid=44368, tid=50544
#
# JRE version: OpenJDK Runtime Environment Temurin-21.0.9+10 (21.0.9+10) (build 21.0.9+10-LTS)
# Java VM: OpenJDK 64-Bit Server VM Temurin-21.0.9+10 (21.0.9+10-LTS, mixed mode, sharing, tiered, compressed oops, compressed class ptrs, parallel gc, windows-amd64)
# No core dump will be written. Minidumps are not enabled by default on client versions of Windows
#

---------------  S U M M A R Y ------------

Command Line: --add-modules=ALL-SYSTEM --add-opens=java.base/java.util=ALL-UNNAMED --add-opens=java.base/java.lang=ALL-UNNAMED --add-opens=java.base/sun.nio.fs=ALL-UNNAMED -Declipse.application=org.eclipse.jdt.ls.core.id1 -Dosgi.bundles.defaultStartLevel=4 -Declipse.product=org.eclipse.jdt.ls.core.product -Djava.import.generatesMetadataFilesAtProjectRoot=false -DDetectVMInstallationsJob.disabled=true -Dfile.encoding=utf8 -XX:+UseParallelGC -XX:GCTimeRatio=4 -XX:AdaptiveSizePolicyWeight=90 -Dsun.zip.disableMemoryMapping=true -Xmx2G -Xms100m -Xlog:disable -javaagent:c:\Users\saipr\.vscode\extensions\redhat.java-1.52.0-win32-x64\lombok\lombok-1.18.39-4050.jar c:\Users\saipr\.vscode\extensions\redhat.java-1.52.0-win32-x64\server\plugins\org.eclipse.equinox.launcher_1.7.100.v20251111-0406.jar -configuration c:\Users\saipr\AppData\Roaming\Code\User\globalStorage\redhat.java\1.52.0\config_ss_win -data c:\Users\saipr\AppData\Roaming\Code\User\workspaceStorage\61bc5f8c344d07e087492ddddacfdf40\redhat.java\ss_ws --pipe=\\.\pipe\lsp-584d6e3ef02bce6abf03e940a49efff6-sock

Host: 13th Gen Intel(R) Core(TM) i7-1355U, 12 cores, 15G,  Windows 11 , 64 bit Build 26100 (10.0.26100.7623)
Time: Wed Feb  4 10:42:55 2026 Eastern Standard Time elapsed time: 15.846871 seconds (0d 0h 0m 15s)

---------------  T H R E A D  ---------------

Current thread (0x000001f1f15f0310):  JavaThread "C2 CompilerThread1" daemon [_thread_in_native, id=50544, stack(0x000000cfc6300000,0x000000cfc6400000) (1024K)]


Current CompileTask:
C2:15846 3448       4       org.lombokweb.asm.ClassReader::readMethod (1070 bytes)

Stack: [0x000000cfc6300000,0x000000cfc6400000]
Native frames: (J=compiled Java code, j=interpreted, Vv=VM code, C=native code)
V  [jvm.dll+0x6d6e29]
V  [jvm.dll+0x8b4b76]
V  [jvm.dll+0x8b712e]
V  [jvm.dll+0x8b7813]
V  [jvm.dll+0x283d86]
V  [jvm.dll+0xc66ed]
V  [jvm.dll+0xc6c31]
V  [jvm.dll+0x3be501]
V  [jvm.dll+0x1e3b52]
V  [jvm.dll+0x24c0f3]
V  [jvm.dll+0x24b580]
V  [jvm.dll+0x1cb13e]
V  [jvm.dll+0x25b29d]
V  [jvm.dll+0x25982a]
V  [jvm.dll+0x3f7ea6]
V  [jvm.dll+0x85e9ad]
V  [jvm.dll+0x6d565d]
C  [ucrtbase.dll+0x37b0]
C  [KERNEL32.DLL+0x2e8d7]
C  [ntdll.dll+0x8c53c]


---------------  P R O C E S S  ---------------

Threads class SMR info:
_java_thread_list=0x000001f1f7631fa0, length=33, elements={
0x000001f1985bd560, 0x000001f198549400, 0x000001f19866df70, 0x000001f1985518f0,
0x000001f1985526f0, 0x000001f198555d30, 0x000001f19855d320, 0x000001f1f1372950,
0x000001f1f13791d0, 0x000001f1f15e7f10, 0x000001f1f15f0310, 0x000001f1f16a02d0,
0x000001f1f7086b80, 0x000001f1f70871e0, 0x000001f1f29ccbe0, 0x000001f1f7067ba0,
0x000001f1f7068610, 0x000001f1f710cf00, 0x000001f1f7026c00, 0x000001f1f7025850,
0x000001f1f7026570, 0x000001f1f7027290, 0x000001f1f7027920, 0x000001f1f70251c0,
0x000001f1f7027fb0, 0x000001f1f7024b30, 0x000001f1f7025ee0, 0x000001f1f761f100,
0x000001f1f761fe20, 0x000001f1f7620b40, 0x000001f1f76211d0, 0x000001f1f761f790,
0x000001f1f761dd50
}

Java Threads: ( => current thread )
  0x000001f1985bd560 JavaThread "main"                              [_thread_blocked, id=34364, stack(0x000000cfc5700000,0x000000cfc5800000) (1024K)]
  0x000001f198549400 JavaThread "Reference Handler"          daemon [_thread_blocked, id=1604, stack(0x000000cfc5b00000,0x000000cfc5c00000) (1024K)]
  0x000001f19866df70 JavaThread "Finalizer"                  daemon [_thread_blocked, id=29204, stack(0x000000cfc5c00000,0x000000cfc5d00000) (1024K)]
  0x000001f1985518f0 JavaThread "Signal Dispatcher"          daemon [_thread_blocked, id=39996, stack(0x000000cfc5d00000,0x000000cfc5e00000) (1024K)]
  0x000001f1985526f0 JavaThread "Attach Listener"            daemon [_thread_blocked, id=39536, stack(0x000000cfc5e00000,0x000000cfc5f00000) (1024K)]
  0x000001f198555d30 JavaThread "Service Thread"             daemon [_thread_blocked, id=50876, stack(0x000000cfc5f00000,0x000000cfc6000000) (1024K)]
  0x000001f19855d320 JavaThread "Monitor Deflation Thread"   daemon [_thread_blocked, id=19680, stack(0x000000cfc6000000,0x000000cfc6100000) (1024K)]
  0x000001f1f1372950 JavaThread "C2 CompilerThread0"         daemon [_thread_in_native, id=66640, stack(0x000000cfc6100000,0x000000cfc6200000) (1024K)]
  0x000001f1f13791d0 JavaThread "C1 CompilerThread0"         daemon [_thread_blocked, id=66552, stack(0x000000cfc6200000,0x000000cfc6300000) (1024K)]
  0x000001f1f15e7f10 JavaThread "Common-Cleaner"             daemon [_thread_blocked, id=33776, stack(0x000000cfc6400000,0x000000cfc6500000) (1024K)]
=>0x000001f1f15f0310 JavaThread "C2 CompilerThread1"         daemon [_thread_in_native, id=50544, stack(0x000000cfc6300000,0x000000cfc6400000) (1024K)]
  0x000001f1f16a02d0 JavaThread "Notification Thread"        daemon [_thread_blocked, id=62440, stack(0x000000cfc6500000,0x000000cfc6600000) (1024K)]
  0x000001f1f7086b80 JavaThread "Equinox resolver thread - Equinox Container: 4c0aa680-2a55-45d7-be56-8beed1938418" daemon [_thread_blocked, id=43664, stack(0x000000cfc6d00000,0x000000cfc6e00000) (1024K)]
  0x000001f1f70871e0 JavaThread "Equinox resolver thread - Equinox Container: 4c0aa680-2a55-45d7-be56-8beed1938418" daemon [_thread_blocked, id=14140, stack(0x000000cfc6e00000,0x000000cfc6f00000) (1024K)]
  0x000001f1f29ccbe0 JavaThread "Equinox resolver thread - Equinox Container: 4c0aa680-2a55-45d7-be56-8beed1938418" daemon [_thread_blocked, id=28768, stack(0x000000cfc6f00000,0x000000cfc7000000) (1024K)]
  0x000001f1f7067ba0 JavaThread "Equinox resolver thread - Equinox Container: 4c0aa680-2a55-45d7-be56-8beed1938418" daemon [_thread_blocked, id=4780, stack(0x000000cfc7000000,0x000000cfc7100000) (1024K)]
  0x000001f1f7068610 JavaThread "Equinox resolver thread - Equinox Container: 4c0aa680-2a55-45d7-be56-8beed1938418" daemon [_thread_blocked, id=4148, stack(0x000000cfc7100000,0x000000cfc7200000) (1024K)]
  0x000001f1f710cf00 JavaThread "Equinox resolver thread - Equinox Container: 4c0aa680-2a55-45d7-be56-8beed1938418" daemon [_thread_blocked, id=70500, stack(0x000000cfc7200000,0x000000cfc7300000) (1024K)]
  0x000001f1f7026c00 JavaThread "Active Thread: Equinox Container: 4c0aa680-2a55-45d7-be56-8beed1938418"        [_thread_blocked, id=10148, stack(0x000000cfc7300000,0x000000cfc7400000) (1024K)]
  0x000001f1f7025850 JavaThread "Framework Event Dispatcher: Equinox Container: 4c0aa680-2a55-45d7-be56-8beed1938418" daemon [_thread_blocked, id=58100, stack(0x000000cfc7400000,0x000000cfc7500000) (1024K)]
  0x000001f1f7026570 JavaThread "Start Level: Equinox Container: 4c0aa680-2a55-45d7-be56-8beed1938418" daemon [_thread_in_vm, id=26776, stack(0x000000cfc7500000,0x000000cfc7600000) (1024K)]
  0x000001f1f7027290 JavaThread "Refresh Thread: Equinox Container: 4c0aa680-2a55-45d7-be56-8beed1938418" daemon [_thread_blocked, id=17456, stack(0x000000cfc7700000,0x000000cfc7800000) (1024K)]
  0x000001f1f7027920 JavaThread "Equinox resolver thread - Equinox Container: 4c0aa680-2a55-45d7-be56-8beed1938418" daemon [_thread_blocked, id=24328, stack(0x000000cfc7800000,0x000000cfc7900000) (1024K)]
  0x000001f1f70251c0 JavaThread "Equinox resolver thread - Equinox Container: 4c0aa680-2a55-45d7-be56-8beed1938418" daemon [_thread_blocked, id=45552, stack(0x000000cfc7900000,0x000000cfc7a00000) (1024K)]
  0x000001f1f7027fb0 JavaThread "Equinox resolver thread - Equinox Container: 4c0aa680-2a55-45d7-be56-8beed1938418" daemon [_thread_blocked, id=132, stack(0x000000cfc7a00000,0x000000cfc7b00000) (1024K)]
  0x000001f1f7024b30 JavaThread "Equinox resolver thread - Equinox Container: 4c0aa680-2a55-45d7-be56-8beed1938418" daemon [_thread_blocked, id=67136, stack(0x000000cfc7b00000,0x000000cfc7c00000) (1024K)]
  0x000001f1f7025ee0 JavaThread "Equinox resolver thread - Equinox Container: 4c0aa680-2a55-45d7-be56-8beed1938418" daemon [_thread_blocked, id=11444, stack(0x000000cfc7c00000,0x000000cfc7d00000) (1024K)]
  0x000001f1f761f100 JavaThread "Equinox resolver thread - Equinox Container: 4c0aa680-2a55-45d7-be56-8beed1938418" daemon [_thread_blocked, id=69600, stack(0x000000cfc7d00000,0x000000cfc7e00000) (1024K)]
  0x000001f1f761fe20 JavaThread "SCR Component Actor"        daemon [_thread_blocked, id=69344, stack(0x000000cfc7e00000,0x000000cfc7f00000) (1024K)]
  0x000001f1f7620b40 JavaThread "Worker-JM"                         [_thread_blocked, id=51988, stack(0x000000cfc8100000,0x000000cfc8200000) (1024K)]
  0x000001f1f76211d0 JavaThread "JNA Cleaner"                daemon [_thread_blocked, id=19432, stack(0x000000cfc6600000,0x000000cfc6700000) (1024K)]
  0x000001f1f761f790 JavaThread "Worker-0"                          [_thread_blocked, id=20256, stack(0x000000cfc8200000,0x000000cfc8300000) (1024K)]
  0x000001f1f761dd50 JavaThread "Worker-1"                          [_thread_blocked, id=44060, stack(0x000000cfc8300000,0x000000cfc8400000) (1024K)]
Total: 33

Other Threads:
  0x000001f198655c30 VMThread "VM Thread"                           [id=33552, stack(0x000000cfc5a00000,0x000000cfc5b00000) (1024K)]
  0x000001f19843ca00 WatcherThread "VM Periodic Task Thread"        [id=11460, stack(0x000000cfc5900000,0x000000cfc5a00000) (1024K)]
  0x000001f1985d5f40 WorkerThread "GC Thread#0"                     [id=37284, stack(0x000000cfc5800000,0x000000cfc5900000) (1024K)]
  0x000001f1f247be60 WorkerThread "GC Thread#1"                     [id=58996, stack(0x000000cfc6700000,0x000000cfc6800000) (1024K)]
  0x000001f1f70475d0 WorkerThread "GC Thread#2"                     [id=69680, stack(0x000000cfc6800000,0x000000cfc6900000) (1024K)]
  0x000001f1f274cab0 WorkerThread "GC Thread#3"                     [id=19720, stack(0x000000cfc6900000,0x000000cfc6a00000) (1024K)]
  0x000001f1f274ce50 WorkerThread "GC Thread#4"                     [id=49640, stack(0x000000cfc6a00000,0x000000cfc6b00000) (1024K)]
  0x000001f1f258f170 WorkerThread "GC Thread#5"                     [id=6012, stack(0x000000cfc6b00000,0x000000cfc6c00000) (1024K)]
  0x000001f1f258f510 WorkerThread "GC Thread#6"                     [id=59824, stack(0x000000cfc6c00000,0x000000cfc6d00000) (1024K)]
  0x000001f1f74900c0 WorkerThread "GC Thread#7"                     [id=50984, stack(0x000000cfc7600000,0x000000cfc7700000) (1024K)]
  0x000001f1f72f8a40 WorkerThread "GC Thread#8"                     [id=21752, stack(0x000000cfc7f00000,0x000000cfc8000000) (1024K)]
  0x000001f1f72f8de0 WorkerThread "GC Thread#9"                     [id=63440, stack(0x000000cfc8000000,0x000000cfc8100000) (1024K)]
Total: 12

Threads with active compile tasks:
C2 CompilerThread0  15866 3670       4       java.util.zip.ZipFile::getZipEntry (322 bytes)
C2 CompilerThread1  15866 3448       4       org.lombokweb.asm.ClassReader::readMethod (1070 bytes)
Total: 2

VM state: not at safepoint (normal execution)

VM Mutex/Monitor currently owned by a thread: None

Heap address: 0x0000000080000000, size: 2048 MB, Compressed Oops mode: 32-bit

CDS archive(s) mapped at: [0x000001f1af000000-0x000001f1afba0000-0x000001f1afba0000), size 12189696, SharedBaseAddress: 0x000001f1af000000, ArchiveRelocationMode: 1.
Compressed class space mapped at: 0x000001f1b0000000-0x000001f1f0000000, reserved size: 1073741824
Narrow klass base: 0x000001f1af000000, Narrow klass shift: 0, Narrow klass range: 0x100000000

GC Precious Log:
 CardTable entry size: 512
 CPUs: 12 total, 12 available
 Memory: 16068M
 Large Page Support: Disabled
 NUMA Support: Disabled
 Compressed Oops: Enabled (32-bit)
 Alignments: Space 512K, Generation 512K, Heap 2M
 Heap Min Capacity: 100M
 Heap Initial Capacity: 100M
 Heap Max Capacity: 2G
 Pre-touch: Disabled
 Parallel Workers: 10

Heap:
 PSYoungGen      total 26112K, used 16473K [0x00000000d5580000, 0x00000000d7580000, 0x0000000100000000)
  eden space 24064K, 60% used [0x00000000d5580000,0x00000000d63a4170,0x00000000d6d00000)
  from space 2048K, 97% used [0x00000000d7380000,0x00000000d75722b0,0x00000000d7580000)
  to   space 3072K, 0% used [0x00000000d6f80000,0x00000000d6f80000,0x00000000d7280000)
 ParOldGen       total 68608K, used 12900K [0x0000000080000000, 0x0000000084300000, 0x00000000d5580000)
  object space 68608K, 18% used [0x0000000080000000,0x0000000080c99180,0x0000000084300000)
 Metaspace       used 24833K, committed 25536K, reserved 1114112K
  class space    used 2365K, committed 2688K, reserved 1048576K

Card table byte_map: [0x000001f197f50000,0x000001f198360000] _byte_map_base: 0x000001f197b50000

Marking Bits: (ParMarkBitMap*) 0x00007ffb51412460
 Begin Bits: [0x000001f1aaa60000, 0x000001f1aca60000)
 End Bits:   [0x000001f1aca60000, 0x000001f1aea60000)

Polling page: 0x000001f196430000

Metaspace:

Usage:
  Non-class:     21.94 MB used.
      Class:      2.31 MB used.
       Both:     24.25 MB used.

Virtual space:
  Non-class space:       64.00 MB reserved,      22.31 MB ( 35%) committed,  1 nodes.
      Class space:        1.00 GB reserved,       2.62 MB ( <1%) committed,  1 nodes.
             Both:        1.06 GB reserved,      24.94 MB (  2%) committed. 

Chunk freelists:
   Non-Class:  8.78 MB
       Class:  13.43 MB
        Both:  22.21 MB

MaxMetaspaceSize: unlimited
CompressedClassSpaceSize: 1.00 GB
Initial GC threshold: 21.00 MB
Current GC threshold: 35.00 MB
CDS: on
 - commit_granule_bytes: 65536.
 - commit_granule_words: 8192.
 - virtual_space_node_default_size: 8388608.
 - enlarge_chunks_in_place: 1.
 - use_allocation_guard: 0.


Internal statistics:

num_allocs_failed_limit: 3.
num_arena_births: 518.
num_arena_deaths: 14.
num_vsnodes_births: 2.
num_vsnodes_deaths: 0.
num_space_committed: 399.
num_space_uncommitted: 0.
num_chunks_returned_to_freelist: 17.
num_chunks_taken_from_freelist: 1432.
num_chunk_merges: 7.
num_chunk_splits: 944.
num_chunks_enlarged: 627.
num_inconsistent_stats: 0.

CodeHeap 'non-profiled nmethods': size=120000Kb used=1756Kb max_used=1756Kb free=118243Kb
 bounds [0x000001f1a3280000, 0x000001f1a34f0000, 0x000001f1aa7b0000]
CodeHeap 'profiled nmethods': size=120000Kb used=7526Kb max_used=7526Kb free=112473Kb
 bounds [0x000001f19b7b0000, 0x000001f19bf10000, 0x000001f1a2ce0000]
CodeHeap 'non-nmethods': size=5760Kb used=1325Kb max_used=1343Kb free=4434Kb
 bounds [0x000001f1a2ce0000, 0x000001f1a2f50000, 0x000001f1a3280000]
CodeCache: size=245760Kb, used=10607Kb, max_used=10625Kb, free=235150Kb
 total_blobs=4278, nmethods=3666, adapters=518, full_count=0
Compilation: enabled, stopped_count=0, restarted_count=0

Compilation events (20 events):
Event: 14.781 Thread 0x000001f1f9578ae0 3624       4       sun.util.locale.LocaleUtils::isUpper (18 bytes)
Event: 14.781 Thread 0x000001f1f13791d0 nmethod 3656 0x000001f19bf05010 code [0x000001f19bf05240, 0x000001f19bf05998]
Event: 14.781 Thread 0x000001f1f13791d0 3649       1       java.lang.reflect.Constructor::getDeclaringClass (5 bytes)
Event: 14.781 Thread 0x000001f1f9578ae0 nmethod 3624 0x000001f1a3434690 code [0x000001f1a3434800, 0x000001f1a3434870]
Event: 14.782 Thread 0x000001f1f9578ae0 3626       4       sun.util.locale.LocaleUtils::toLower (17 bytes)
Event: 14.782 Thread 0x000001f1f13791d0 nmethod 3649 0x000001f1a3434990 code [0x000001f1a3434b20, 0x000001f1a3434be8]
Event: 14.782 Thread 0x000001f1f9578ae0 nmethod 3626 0x000001f1a3434c90 code [0x000001f1a3434e00, 0x000001f1a3434e80]
Event: 14.782 Thread 0x000001f1f9578ae0 3609       4       java.util.concurrent.ConcurrentHashMap::putIfAbsent (8 bytes)
Event: 14.783 Thread 0x000001f1f9578ae0 nmethod 3609 0x000001f1a3434f90 code [0x000001f1a3435120, 0x000001f1a34351d8]
Event: 14.783 Thread 0x000001f1f9578ae0 3608       4       java.util.Collections::emptyList (4 bytes)
Event: 14.783 Thread 0x000001f1f9578ae0 nmethod 3608 0x000001f1a3435290 code [0x000001f1a3435420, 0x000001f1a3435490]
Event: 14.785 Thread 0x000001f1f1372950 nmethod 3590 0x000001f1a3435590 code [0x000001f1a3435740, 0x000001f1a34359b8]
Event: 14.786 Thread 0x000001f1f13791d0 3657       3       java.util.regex.Pattern$Node::<init> (12 bytes)
Event: 14.786 Thread 0x000001f1f13791d0 nmethod 3657 0x000001f19bf05c90 code [0x000001f19bf05e40, 0x000001f19bf05fc8]
Event: 14.793 Thread 0x000001f1f9578ae0 3658       4       java.util.HashMap::hash (20 bytes)
Event: 14.793 Thread 0x000001f1f1372950 3659       4       java.util.HashMap::put (13 bytes)
Event: 14.794 Thread 0x000001f1f13791d0 3660       3       java.lang.StringBuilder::append (8 bytes)
Event: 14.794 Thread 0x000001f1f13791d0 nmethod 3660 0x000001f19bf06090 code [0x000001f19bf06240, 0x000001f19bf06390]
Event: 14.795 Thread 0x000001f1f9578ae0 nmethod 3658 0x000001f1a3435b90 code [0x000001f1a3435d20, 0x000001f1a3435e10]
Event: 14.808 Thread 0x000001f1f1372950 nmethod 3659 0x000001f1a3435e90 code [0x000001f1a34360a0, 0x000001f1a34367f0]

GC Heap History (18 events):
Event: 2.161 GC heap before
{Heap before GC invocations=1 (full 0):
 PSYoungGen      total 29696K, used 25600K [0x00000000d5580000, 0x00000000d7680000, 0x0000000100000000)
  eden space 25600K, 100% used [0x00000000d5580000,0x00000000d6e80000,0x00000000d6e80000)
  from space 4096K, 0% used [0x00000000d7280000,0x00000000d7280000,0x00000000d7680000)
  to   space 4096K, 0% used [0x00000000d6e80000,0x00000000d6e80000,0x00000000d7280000)
 ParOldGen       total 68608K, used 0K [0x0000000080000000, 0x0000000084300000, 0x00000000d5580000)
  object space 68608K, 0% used [0x0000000080000000,0x0000000080000000,0x0000000084300000)
 Metaspace       used 4451K, committed 4672K, reserved 1114112K
  class space    used 491K, committed 576K, reserved 1048576K
}
Event: 2.168 GC heap after
{Heap after GC invocations=1 (full 0):
 PSYoungGen      total 29696K, used 3287K [0x00000000d5580000, 0x00000000d7680000, 0x0000000100000000)
  eden space 25600K, 0% used [0x00000000d5580000,0x00000000d5580000,0x00000000d6e80000)
  from space 4096K, 80% used [0x00000000d6e80000,0x00000000d71b5ea8,0x00000000d7280000)
  to   space 4096K, 0% used [0x00000000d7280000,0x00000000d7280000,0x00000000d7680000)
 ParOldGen       total 68608K, used 16K [0x0000000080000000, 0x0000000084300000, 0x00000000d5580000)
  object space 68608K, 0% used [0x0000000080000000,0x0000000080004000,0x0000000084300000)
 Metaspace       used 4451K, committed 4672K, reserved 1114112K
  class space    used 491K, committed 576K, reserved 1048576K
}
Event: 8.776 GC heap before
{Heap before GC invocations=2 (full 0):
 PSYoungGen      total 29696K, used 28887K [0x00000000d5580000, 0x00000000d7680000, 0x0000000100000000)
  eden space 25600K, 100% used [0x00000000d5580000,0x00000000d6e80000,0x00000000d6e80000)
  from space 4096K, 80% used [0x00000000d6e80000,0x00000000d71b5ea8,0x00000000d7280000)
  to   space 4096K, 0% used [0x00000000d7280000,0x00000000d7280000,0x00000000d7680000)
 ParOldGen       total 68608K, used 16K [0x0000000080000000, 0x0000000084300000, 0x00000000d5580000)
  object space 68608K, 0% used [0x0000000080000000,0x0000000080004000,0x0000000084300000)
 Metaspace       used 8313K, committed 8640K, reserved 1114112K
  class space    used 888K, committed 1024K, reserved 1048576K
}
Event: 8.780 GC heap after
{Heap after GC invocations=2 (full 0):
 PSYoungGen      total 29696K, used 4076K [0x00000000d5580000, 0x00000000d7680000, 0x0000000100000000)
  eden space 25600K, 0% used [0x00000000d5580000,0x00000000d5580000,0x00000000d6e80000)
  from space 4096K, 99% used [0x00000000d7280000,0x00000000d767b170,0x00000000d7680000)
  to   space 4096K, 0% used [0x00000000d6e80000,0x00000000d6e80000,0x00000000d7280000)
 ParOldGen       total 68608K, used 64K [0x0000000080000000, 0x0000000084300000, 0x00000000d5580000)
  object space 68608K, 0% used [0x0000000080000000,0x0000000080010000,0x0000000084300000)
 Metaspace       used 8313K, committed 8640K, reserved 1114112K
  class space    used 888K, committed 1024K, reserved 1048576K
}
Event: 9.111 GC heap before
{Heap before GC invocations=3 (full 0):
 PSYoungGen      total 29696K, used 29676K [0x00000000d5580000, 0x00000000d7680000, 0x0000000100000000)
  eden space 25600K, 100% used [0x00000000d5580000,0x00000000d6e80000,0x00000000d6e80000)
  from space 4096K, 99% used [0x00000000d7280000,0x00000000d767b170,0x00000000d7680000)
  to   space 4096K, 0% used [0x00000000d6e80000,0x00000000d6e80000,0x00000000d7280000)
 ParOldGen       total 68608K, used 64K [0x0000000080000000, 0x0000000084300000, 0x00000000d5580000)
  object space 68608K, 0% used [0x0000000080000000,0x0000000080010000,0x0000000084300000)
 Metaspace       used 8844K, committed 9152K, reserved 1114112K
  class space    used 921K, committed 1088K, reserved 1048576K
}
Event: 9.117 GC heap after
{Heap after GC invocations=3 (full 0):
 PSYoungGen      total 29696K, used 4081K [0x00000000d5580000, 0x00000000d7680000, 0x0000000100000000)
  eden space 25600K, 0% used [0x00000000d5580000,0x00000000d5580000,0x00000000d6e80000)
  from space 4096K, 99% used [0x00000000d6e80000,0x00000000d727c4d0,0x00000000d7280000)
  to   space 4096K, 0% used [0x00000000d7280000,0x00000000d7280000,0x00000000d7680000)
 ParOldGen       total 68608K, used 6370K [0x0000000080000000, 0x0000000084300000, 0x00000000d5580000)
  object space 68608K, 9% used [0x0000000080000000,0x00000000806389c8,0x0000000084300000)
 Metaspace       used 8844K, committed 9152K, reserved 1114112K
  class space    used 921K, committed 1088K, reserved 1048576K
}
Event: 9.473 GC heap before
{Heap before GC invocations=4 (full 0):
 PSYoungGen      total 29696K, used 29681K [0x00000000d5580000, 0x00000000d7680000, 0x0000000100000000)
  eden space 25600K, 100% used [0x00000000d5580000,0x00000000d6e80000,0x00000000d6e80000)
  from space 4096K, 99% used [0x00000000d6e80000,0x00000000d727c4d0,0x00000000d7280000)
  to   space 4096K, 0% used [0x00000000d7280000,0x00000000d7280000,0x00000000d7680000)
 ParOldGen       total 68608K, used 6370K [0x0000000080000000, 0x0000000084300000, 0x00000000d5580000)
  object space 68608K, 9% used [0x0000000080000000,0x00000000806389c8,0x0000000084300000)
 Metaspace       used 12565K, committed 13056K, reserved 1114112K
  class space    used 1319K, committed 1536K, reserved 1048576K
}
Event: 9.477 GC heap after
{Heap after GC invocations=4 (full 0):
 PSYoungGen      total 29696K, used 4081K [0x00000000d5580000, 0x00000000d7680000, 0x0000000100000000)
  eden space 25600K, 0% used [0x00000000d5580000,0x00000000d5580000,0x00000000d6e80000)
  from space 4096K, 99% used [0x00000000d7280000,0x00000000d767c500,0x00000000d7680000)
  to   space 4096K, 0% used [0x00000000d6e80000,0x00000000d6e80000,0x00000000d7280000)
 ParOldGen       total 68608K, used 8115K [0x0000000080000000, 0x0000000084300000, 0x00000000d5580000)
  object space 68608K, 11% used [0x0000000080000000,0x00000000807ecd08,0x0000000084300000)
 Metaspace       used 12565K, committed 13056K, reserved 1114112K
  class space    used 1319K, committed 1536K, reserved 1048576K
}
Event: 9.790 GC heap before
{Heap before GC invocations=5 (full 0):
 PSYoungGen      total 29696K, used 29681K [0x00000000d5580000, 0x00000000d7680000, 0x0000000100000000)
  eden space 25600K, 100% used [0x00000000d5580000,0x00000000d6e80000,0x00000000d6e80000)
  from space 4096K, 99% used [0x00000000d7280000,0x00000000d767c500,0x00000000d7680000)
  to   space 4096K, 0% used [0x00000000d6e80000,0x00000000d6e80000,0x00000000d7280000)
 ParOldGen       total 68608K, used 8115K [0x0000000080000000, 0x0000000084300000, 0x00000000d5580000)
  object space 68608K, 11% used [0x0000000080000000,0x00000000807ecd08,0x0000000084300000)
 Metaspace       used 16177K, committed 16768K, reserved 1114112K
  class space    used 1657K, committed 1920K, reserved 1048576K
}
Event: 9.795 GC heap after
{Heap after GC invocations=5 (full 0):
 PSYoungGen      total 29184K, used 4087K [0x00000000d5580000, 0x00000000d7f00000, 0x0000000100000000)
  eden space 25088K, 0% used [0x00000000d5580000,0x00000000d5580000,0x00000000d6e00000)
  from space 4096K, 99% used [0x00000000d6e80000,0x00000000d727dcd8,0x00000000d7280000)
  to   space 8704K, 0% used [0x00000000d7680000,0x00000000d7680000,0x00000000d7f00000)
 ParOldGen       total 68608K, used 12010K [0x0000000080000000, 0x0000000084300000, 0x00000000d5580000)
  object space 68608K, 17% used [0x0000000080000000,0x0000000080bbaad8,0x0000000084300000)
 Metaspace       used 16177K, committed 16768K, reserved 1114112K
  class space    used 1657K, committed 1920K, reserved 1048576K
}
Event: 10.177 GC heap before
{Heap before GC invocations=6 (full 0):
 PSYoungGen      total 29184K, used 29175K [0x00000000d5580000, 0x00000000d7f00000, 0x0000000100000000)
  eden space 25088K, 100% used [0x00000000d5580000,0x00000000d6e00000,0x00000000d6e00000)
  from space 4096K, 99% used [0x00000000d6e80000,0x00000000d727dcd8,0x00000000d7280000)
  to   space 8704K, 0% used [0x00000000d7680000,0x00000000d7680000,0x00000000d7f00000)
 ParOldGen       total 68608K, used 12010K [0x0000000080000000, 0x0000000084300000, 0x00000000d5580000)
  object space 68608K, 17% used [0x0000000080000000,0x0000000080bbaad8,0x0000000084300000)
 Metaspace       used 18991K, committed 19584K, reserved 1114112K
  class space    used 1929K, committed 2176K, reserved 1048576K
}
Event: 10.181 GC heap after
{Heap after GC invocations=6 (full 0):
 PSYoungGen      total 29696K, used 4630K [0x00000000d5580000, 0x00000000d7b80000, 0x0000000100000000)
  eden space 24576K, 0% used [0x00000000d5580000,0x00000000d5580000,0x00000000d6d80000)
  from space 5120K, 90% used [0x00000000d7680000,0x00000000d7b059b8,0x00000000d7b80000)
  to   space 6144K, 0% used [0x00000000d6f80000,0x00000000d6f80000,0x00000000d7580000)
 ParOldGen       total 68608K, used 12018K [0x0000000080000000, 0x0000000084300000, 0x00000000d5580000)
  object space 68608K, 17% used [0x0000000080000000,0x0000000080bbcad8,0x0000000084300000)
 Metaspace       used 18991K, committed 19584K, reserved 1114112K
  class space    used 1929K, committed 2176K, reserved 1048576K
}
Event: 10.299 GC heap before
{Heap before GC invocations=7 (full 0):
 PSYoungGen      total 29696K, used 13713K [0x00000000d5580000, 0x00000000d7b80000, 0x0000000100000000)
  eden space 24576K, 36% used [0x00000000d5580000,0x00000000d5e5ed48,0x00000000d6d80000)
  from space 5120K, 90% used [0x00000000d7680000,0x00000000d7b059b8,0x00000000d7b80000)
  to   space 6144K, 0% used [0x00000000d6f80000,0x00000000d6f80000,0x00000000d7580000)
 ParOldGen       total 68608K, used 12018K [0x0000000080000000, 0x0000000084300000, 0x00000000d5580000)
  object space 68608K, 17% used [0x0000000080000000,0x0000000080bbcad8,0x0000000084300000)
 Metaspace       used 20890K, committed 21504K, reserved 1114112K
  class space    used 2042K, committed 2304K, reserved 1048576K
}
Event: 10.303 GC heap after
{Heap after GC invocations=7 (full 0):
 PSYoungGen      total 28672K, used 3722K [0x00000000d5580000, 0x00000000d7700000, 0x0000000100000000)
  eden space 24576K, 0% used [0x00000000d5580000,0x00000000d5580000,0x00000000d6d80000)
  from space 4096K, 90% used [0x00000000d6f80000,0x00000000d7322938,0x00000000d7380000)
  to   space 3584K, 0% used [0x00000000d7380000,0x00000000d7380000,0x00000000d7700000)
 ParOldGen       total 68608K, used 12983K [0x0000000080000000, 0x0000000084300000, 0x00000000d5580000)
  object space 68608K, 18% used [0x0000000080000000,0x0000000080cade38,0x0000000084300000)
 Metaspace       used 20890K, committed 21504K, reserved 1114112K
  class space    used 2042K, committed 2304K, reserved 1048576K
}
Event: 10.303 GC heap before
{Heap before GC invocations=8 (full 1):
 PSYoungGen      total 28672K, used 3722K [0x00000000d5580000, 0x00000000d7700000, 0x0000000100000000)
  eden space 24576K, 0% used [0x00000000d5580000,0x00000000d5580000,0x00000000d6d80000)
  from space 4096K, 90% used [0x00000000d6f80000,0x00000000d7322938,0x00000000d7380000)
  to   space 3584K, 0% used [0x00000000d7380000,0x00000000d7380000,0x00000000d7700000)
 ParOldGen       total 68608K, used 12983K [0x0000000080000000, 0x0000000084300000, 0x00000000d5580000)
  object space 68608K, 18% used [0x0000000080000000,0x0000000080cade38,0x0000000084300000)
 Metaspace       used 20890K, committed 21504K, reserved 1114112K
  class space    used 2042K, committed 2304K, reserved 1048576K
}
Event: 10.324 GC heap after
{Heap after GC invocations=8 (full 1):
 PSYoungGen      total 28672K, used 0K [0x00000000d5580000, 0x00000000d7700000, 0x0000000100000000)
  eden space 24576K, 0% used [0x00000000d5580000,0x00000000d5580000,0x00000000d6d80000)
  from space 4096K, 0% used [0x00000000d6f80000,0x00000000d6f80000,0x00000000d7380000)
  to   space 3584K, 0% used [0x00000000d7380000,0x00000000d7380000,0x00000000d7700000)
 ParOldGen       total 68608K, used 12892K [0x0000000080000000, 0x0000000084300000, 0x00000000d5580000)
  object space 68608K, 18% used [0x0000000080000000,0x0000000080c97180,0x0000000084300000)
 Metaspace       used 20877K, committed 21504K, reserved 1114112K
  class space    used 2038K, committed 2304K, reserved 1048576K
}
Event: 10.490 GC heap before
{Heap before GC invocations=9 (full 1):
 PSYoungGen      total 28672K, used 24576K [0x00000000d5580000, 0x00000000d7700000, 0x0000000100000000)
  eden space 24576K, 100% used [0x00000000d5580000,0x00000000d6d80000,0x00000000d6d80000)
  from space 4096K, 0% used [0x00000000d6f80000,0x00000000d6f80000,0x00000000d7380000)
  to   space 3584K, 0% used [0x00000000d7380000,0x00000000d7380000,0x00000000d7700000)
 ParOldGen       total 68608K, used 12892K [0x0000000080000000, 0x0000000084300000, 0x00000000d5580000)
  object space 68608K, 18% used [0x0000000080000000,0x0000000080c97180,0x0000000084300000)
 Metaspace       used 23145K, committed 23808K, reserved 1114112K
  class space    used 2221K, committed 2496K, reserved 1048576K
}
Event: 10.492 GC heap after
{Heap after GC invocations=9 (full 1):
 PSYoungGen      total 26112K, used 1992K [0x00000000d5580000, 0x00000000d7580000, 0x0000000100000000)
  eden space 24064K, 0% used [0x00000000d5580000,0x00000000d5580000,0x00000000d6d00000)
  from space 2048K, 97% used [0x00000000d7380000,0x00000000d75722b0,0x00000000d7580000)
  to   space 3072K, 0% used [0x00000000d6f80000,0x00000000d6f80000,0x00000000d7280000)
 ParOldGen       total 68608K, used 12900K [0x0000000080000000, 0x0000000084300000, 0x00000000d5580000)
  object space 68608K, 18% used [0x0000000080000000,0x0000000080c99180,0x0000000084300000)
 Metaspace       used 23145K, committed 23808K, reserved 1114112K
  class space    used 2221K, committed 2496K, reserved 1048576K
}

Dll operation events (10 events):
Event: 0.208 Loaded shared library c:\Users\saipr\.vscode\extensions\redhat.java-1.52.0-win32-x64\jre\21.0.9-win32-x86_64\bin\java.dll
Event: 0.367 Loaded shared library c:\Users\saipr\.vscode\extensions\redhat.java-1.52.0-win32-x64\jre\21.0.9-win32-x86_64\bin\zip.dll
Event: 0.388 Loaded shared library C:\Users\saipr\.vscode\extensions\redhat.java-1.52.0-win32-x64\jre\21.0.9-win32-x86_64\bin\instrument.dll
Event: 0.472 Loaded shared library C:\Users\saipr\.vscode\extensions\redhat.java-1.52.0-win32-x64\jre\21.0.9-win32-x86_64\bin\net.dll
Event: 0.565 Loaded shared library C:\Users\saipr\.vscode\extensions\redhat.java-1.52.0-win32-x64\jre\21.0.9-win32-x86_64\bin\nio.dll
Event: 0.575 Loaded shared library C:\Users\saipr\.vscode\extensions\redhat.java-1.52.0-win32-x64\jre\21.0.9-win32-x86_64\bin\zip.dll
Event: 0.604 Loaded shared library C:\Users\saipr\.vscode\extensions\redhat.java-1.52.0-win32-x64\jre\21.0.9-win32-x86_64\bin\jimage.dll
Event: 1.729 Loaded shared library c:\Users\saipr\.vscode\extensions\redhat.java-1.52.0-win32-x64\jre\21.0.9-win32-x86_64\bin\verify.dll
Event: 9.096 Loaded shared library C:\Users\saipr\AppData\Roaming\Code\User\globalStorage\redhat.java\1.52.0\config_ss_win\org.eclipse.equinox.launcher\org.eclipse.equinox.launcher.win32.win32.x86_64_1.2.1500.v20260121-1430\eclipse_11919.dll
Event: 9.931 Loaded shared library C:\Users\saipr\AppData\Local\Temp\jna-109199133\jna825405009730516970.dll

Deoptimization events (20 events):
Event: 14.759 Thread 0x000001f1f7026570 Uncommon trap: trap_request=0xffffff45 fr.pc=0x000001f1a32bc50c relative=0x000000000000006c
Event: 14.759 Thread 0x000001f1f7026570 Uncommon trap: reason=unstable_if action=reinterpret pc=0x000001f1a32bc50c method=java.lang.AbstractStringBuilder.isLatin1()Z @ 10 c2
Event: 14.759 Thread 0x000001f1f7026570 DEOPT PACKING pc=0x000001f1a32bc50c sp=0x000000cfc75fe170
Event: 14.759 Thread 0x000001f1f7026570 DEOPT UNPACKING pc=0x000001f1a2d33aa2 sp=0x000000cfc75fe100 mode 2
Event: 14.765 Thread 0x000001f1f7026570 Uncommon trap: trap_request=0xffffffc6 fr.pc=0x000001f1a3381b2c relative=0x0000000000000aac
Event: 14.765 Thread 0x000001f1f7026570 Uncommon trap: reason=bimorphic_or_optimized_type_check action=maybe_recompile pc=0x000001f1a3381b2c method=java.util.HashMap.putVal(ILjava/lang/Object;Ljava/lang/Object;ZZ)Ljava/lang/Object; @ 56 c2
Event: 14.765 Thread 0x000001f1f7026570 DEOPT PACKING pc=0x000001f1a3381b2c sp=0x000000cfc75fd960
Event: 14.765 Thread 0x000001f1f7026570 DEOPT UNPACKING pc=0x000001f1a2d33aa2 sp=0x000000cfc75fd860 mode 2
Event: 14.765 Thread 0x000001f1f7026570 Uncommon trap: trap_request=0xffffffc6 fr.pc=0x000001f1a3381b2c relative=0x0000000000000aac
Event: 14.765 Thread 0x000001f1f7026570 Uncommon trap: reason=bimorphic_or_optimized_type_check action=maybe_recompile pc=0x000001f1a3381b2c method=java.util.HashMap.putVal(ILjava/lang/Object;Ljava/lang/Object;ZZ)Ljava/lang/Object; @ 56 c2
Event: 14.765 Thread 0x000001f1f7026570 DEOPT PACKING pc=0x000001f1a3381b2c sp=0x000000cfc75fd960
Event: 14.765 Thread 0x000001f1f7026570 DEOPT UNPACKING pc=0x000001f1a2d33aa2 sp=0x000000cfc75fd860 mode 2
Event: 14.765 Thread 0x000001f1f7026570 Uncommon trap: trap_request=0xffffffc6 fr.pc=0x000001f1a3381b2c relative=0x0000000000000aac
Event: 14.765 Thread 0x000001f1f7026570 Uncommon trap: reason=bimorphic_or_optimized_type_check action=maybe_recompile pc=0x000001f1a3381b2c method=java.util.HashMap.putVal(ILjava/lang/Object;Ljava/lang/Object;ZZ)Ljava/lang/Object; @ 56 c2
Event: 14.765 Thread 0x000001f1f7026570 DEOPT PACKING pc=0x000001f1a3381b2c sp=0x000000cfc75fd960
Event: 14.765 Thread 0x000001f1f7026570 DEOPT UNPACKING pc=0x000001f1a2d33aa2 sp=0x000000cfc75fd860 mode 2
Event: 14.790 Thread 0x000001f1f7026570 Uncommon trap: trap_request=0xffffff45 fr.pc=0x000001f1a3433230 relative=0x0000000000000a90
Event: 14.790 Thread 0x000001f1f7026570 Uncommon trap: reason=unstable_if action=reinterpret pc=0x000001f1a3433230 method=java.util.regex.Pattern$BmpCharPropertyGreedy.match(Ljava/util/regex/Matcher;ILjava/lang/CharSequence;)Z @ 12 c2
Event: 14.790 Thread 0x000001f1f7026570 DEOPT PACKING pc=0x000001f1a3433230 sp=0x000000cfc75fd4f0
Event: 14.790 Thread 0x000001f1f7026570 DEOPT UNPACKING pc=0x000001f1a2d33aa2 sp=0x000000cfc75fd3d8 mode 2

Classes loaded (20 events):
Event: 14.783 Loading class sun/util/locale/provider/TimeZoneNameUtility
Event: 14.784 Loading class sun/util/locale/provider/TimeZoneNameUtility done
Event: 14.784 Loading class sun/util/locale/provider/TimeZoneNameUtility$TimeZoneNameGetter
Event: 14.784 Loading class sun/util/locale/provider/TimeZoneNameUtility$TimeZoneNameGetter done
Event: 14.785 Loading class sun/util/cldr/CLDRTimeZoneNameProviderImpl
Event: 14.785 Loading class sun/util/locale/provider/TimeZoneNameProviderImpl
Event: 14.785 Loading class sun/util/locale/provider/TimeZoneNameProviderImpl done
Event: 14.785 Loading class sun/util/cldr/CLDRTimeZoneNameProviderImpl done
Event: 14.788 Loading class sun/util/locale/provider/BaseLocaleDataMetaInfo
Event: 14.788 Loading class sun/util/locale/provider/BaseLocaleDataMetaInfo done
Event: 14.790 Loading class sun/util/resources/cldr/TimeZoneNames
Event: 14.790 Loading class sun/util/resources/TimeZoneNamesBundle
Event: 14.791 Loading class sun/util/resources/OpenListResourceBundle
Event: 14.791 Loading class sun/util/resources/OpenListResourceBundle done
Event: 14.791 Loading class sun/util/resources/TimeZoneNamesBundle done
Event: 14.791 Loading class sun/util/resources/cldr/TimeZoneNames done
Event: 14.791 Loading class sun/util/resources/cldr/TimeZoneNames_en
Event: 14.792 Loading class sun/util/resources/cldr/TimeZoneNames_en done
Event: 14.792 Loading class sun/util/resources/cldr/TimeZoneNames_en_US
Event: 14.792 Loading class sun/util/resources/cldr/TimeZoneNames_en_US done

Classes unloaded (7 events):
Event: 10.308 Thread 0x000001f198655c30 Unloading class 0x000001f1b01a1000 'java/lang/invoke/LambdaForm$MH+0x000001f1b01a1000'
Event: 10.308 Thread 0x000001f198655c30 Unloading class 0x000001f1b01a0c00 'java/lang/invoke/LambdaForm$MH+0x000001f1b01a0c00'
Event: 10.308 Thread 0x000001f198655c30 Unloading class 0x000001f1b01a0800 'java/lang/invoke/LambdaForm$MH+0x000001f1b01a0800'
Event: 10.308 Thread 0x000001f198655c30 Unloading class 0x000001f1b01a0400 'java/lang/invoke/LambdaForm$MH+0x000001f1b01a0400'
Event: 10.308 Thread 0x000001f198655c30 Unloading class 0x000001f1b01a0000 'java/lang/invoke/LambdaForm$BMH+0x000001f1b01a0000'
Event: 10.308 Thread 0x000001f198655c30 Unloading class 0x000001f1b019fc00 'java/lang/invoke/LambdaForm$DMH+0x000001f1b019fc00'
Event: 10.308 Thread 0x000001f198655c30 Unloading class 0x000001f1b019e800 'java/lang/invoke/LambdaForm$DMH+0x000001f1b019e800'

Classes redefined (0 events):
No events

Internal exceptions (20 events):
Event: 9.973 Thread 0x000001f1f7026570 Exception <a 'java/lang/NoSuchMethodError'{0x00000000d5969100}: 'java.lang.Object java.lang.invoke.DirectMethodHandle$Holder.invokeSpecial(java.lang.Object, java.lang.Object, java.lang.Object, java.lang.Object, long)'> (0x00000000d5969100) 
thrown [s\src\hotspot\share\interpreter\linkResolver.cpp, line 773]
Event: 9.973 Thread 0x000001f1f7026570 Exception <a 'java/lang/NoSuchMethodError'{0x00000000d596cd20}: 'java.lang.Object java.lang.invoke.Invokers$Holder.linkToTargetMethod(java.lang.Object, java.lang.Object, long, java.lang.Object)'> (0x00000000d596cd20) 
thrown [s\src\hotspot\share\interpreter\linkResolver.cpp, line 773]
Event: 9.979 Thread 0x000001f1f7026570 Exception <a 'java/lang/NoSuchMethodError'{0x00000000d59d2b58}: 'int java.lang.invoke.DirectMethodHandle$Holder.invokeStaticInit(java.lang.Object, java.lang.Object, java.lang.Object)'> (0x00000000d59d2b58) 
thrown [s\src\hotspot\share\interpreter\linkResolver.cpp, line 773]
Event: 9.985 Thread 0x000001f1f7026570 Exception <a 'java/lang/IncompatibleClassChangeError'{0x00000000d5a68be0}: Found class java.lang.Object, but interface was expected> (0x00000000d5a68be0) 
thrown [s\src\hotspot\share\interpreter\linkResolver.cpp, line 840]
Event: 9.989 Thread 0x000001f1f7026570 Exception <a 'java/lang/NoSuchMethodError'{0x00000000d5a7bb40}: 'java.lang.Object java.lang.invoke.DirectMethodHandle$Holder.invokeSpecial(java.lang.Object, java.lang.Object, java.lang.Object, int, java.lang.Object, java.lang.Object)'> (0x00000000d5a7bb40) 
thrown [s\src\hotspot\share\interpreter\linkResolver.cpp, line 773]
Event: 9.990 Thread 0x000001f1f7026570 Exception <a 'java/lang/NoSuchMethodError'{0x00000000d5a83618}: 'java.lang.Object java.lang.invoke.DirectMethodHandle$Holder.newInvokeSpecial(java.lang.Object, java.lang.Object, java.lang.Object, int, java.lang.Object)'> (0x00000000d5a83618) 
thrown [s\src\hotspot\share\interpreter\linkResolver.cpp, line 773]
Event: 9.990 Thread 0x000001f1f7026570 Exception <a 'java/lang/NoSuchMethodError'{0x00000000d5a87598}: 'java.lang.Object java.lang.invoke.DirectMethodHandle$Holder.invokeSpecial(java.lang.Object, java.lang.Object, java.lang.Object, java.lang.Object, int, java.lang.Object)'> (0x00000000d5a87598) 
thrown [s\src\hotspot\share\interpreter\linkResolver.cpp, line 773]
Event: 9.990 Thread 0x000001f1f7026570 Exception <a 'java/lang/NoSuchMethodError'{0x00000000d5a8b0d8}: 'java.lang.Object java.lang.invoke.Invokers$Holder.linkToTargetMethod(java.lang.Object, java.lang.Object, int, java.lang.Object, java.lang.Object)'> (0x00000000d5a8b0d8) 
thrown [s\src\hotspot\share\interpreter\linkResolver.cpp, line 773]
Event: 9.990 Thread 0x000001f1f761f790 Exception <a 'java/lang/NoSuchMethodError'{0x00000000d59b04a8}: 'java.lang.Object java.lang.invoke.DirectMethodHandle$Holder.invokeSpecial(java.lang.Object, java.lang.Object, int, java.lang.Object, java.lang.Object)'> (0x00000000d59b04a8) 
thrown [s\src\hotspot\share\interpreter\linkResolver.cpp, line 773]
Event: 9.991 Thread 0x000001f1f761f790 Exception <a 'java/lang/NoSuchMethodError'{0x00000000d59b71e0}: 'java.lang.Object java.lang.invoke.DirectMethodHandle$Holder.newInvokeSpecial(java.lang.Object, java.lang.Object, int, java.lang.Object)'> (0x00000000d59b71e0) 
thrown [s\src\hotspot\share\interpreter\linkResolver.cpp, line 773]
Event: 9.991 Thread 0x000001f1f761f790 Exception <a 'java/lang/NoSuchMethodError'{0x00000000d59baac0}: 'java.lang.Object java.lang.invoke.DirectMethodHandle$Holder.invokeSpecial(java.lang.Object, java.lang.Object, java.lang.Object, int, java.lang.Object)'> (0x00000000d59baac0) 
thrown [s\src\hotspot\share\interpreter\linkResolver.cpp, line 773]
Event: 10.003 Thread 0x000001f1f7026570 Exception <a 'java/lang/NoSuchMethodError'{0x00000000d5b99090}: 'void java.lang.invoke.DirectMethodHandle$Holder.invokeSpecial(java.lang.Object, java.lang.Object, java.lang.Object, java.lang.Object, java.lang.Object)'> (0x00000000d5b99090) 
thrown [s\src\hotspot\share\interpreter\linkResolver.cpp, line 773]
Event: 10.049 Thread 0x000001f1f7026570 Exception <a 'java/lang/NoSuchMethodError'{0x00000000d5e14338}: 'double java.lang.invoke.DirectMethodHandle$Holder.invokeStatic(java.lang.Object, java.lang.Object)'> (0x00000000d5e14338) 
thrown [s\src\hotspot\share\interpreter\linkResolver.cpp, line 773]
Event: 10.050 Thread 0x000001f1f7026570 Exception <a 'java/lang/NoSuchMethodError'{0x00000000d5e179f8}: 'double java.lang.invoke.DirectMethodHandle$Holder.invokeStaticInit(java.lang.Object, java.lang.Object)'> (0x00000000d5e179f8) 
thrown [s\src\hotspot\share\interpreter\linkResolver.cpp, line 773]
Event: 10.370 Thread 0x000001f1f7026570 Implicit null exception at 0x000001f1a3413cf5 to 0x000001f1a3413dd0
Event: 11.643 Thread 0x000001f1f7026570 Exception <a 'java/lang/ClassNotFoundException'{0x00000000d5d33f10}: com/sun/org/apache/xerces/internal/impl/msg/spi/DOMMessagesProvider> (0x00000000d5d33f10) 
thrown [s\src\hotspot\share\classfile\systemDictionary.cpp, line 312]
Event: 11.645 Thread 0x000001f1f7026570 Exception <a 'java/lang/ClassNotFoundException'{0x00000000d5d4f0e8}: com/sun/org/apache/xerces/internal/impl/msg/spi/XMLSerializerMessagesProvider> (0x00000000d5d4f0e8) 
thrown [s\src\hotspot\share\classfile\systemDictionary.cpp, line 312]
Event: 11.646 Thread 0x000001f1f7026570 Exception <a 'java/lang/ClassNotFoundException'{0x00000000d5d5c3b8}: com/sun/org/apache/xerces/internal/impl/msg/spi/XMLMessagesProvider> (0x00000000d5d5c3b8) 
thrown [s\src\hotspot\share\classfile\systemDictionary.cpp, line 312]
Event: 14.710 Thread 0x000001f1f7026570 Exception <a 'java/lang/NoSuchMethodError'{0x00000000d5ea3fd8}: 'java.lang.Object java.lang.invoke.DirectMethodHandle$Holder.newInvokeSpecial(java.lang.Object, int, java.lang.Object, java.lang.Object)'> (0x00000000d5ea3fd8) 
thrown [s\src\hotspot\share\interpreter\linkResolver.cpp, line 773]
Event: 14.780 Thread 0x000001f1f7026570 Exception <a 'sun/nio/fs/WindowsException'{0x00000000d608b0a8}> (0x00000000d608b0a8) 
thrown [s\src\hotspot\share\prims\jni.cpp, line 520]

ZGC Phase Switch (0 events):
No events

VM Operations (20 events):
Event: 9.755 Executing VM operation: HandshakeAllThreads (Deoptimize) done
Event: 9.790 Executing VM operation: ParallelGCFailedAllocation (Allocation Failure)
Event: 9.795 Executing VM operation: ParallelGCFailedAllocation (Allocation Failure) done
Event: 9.803 Executing VM operation: HandshakeAllThreads (Deoptimize)
Event: 9.803 Executing VM operation: HandshakeAllThreads (Deoptimize) done
Event: 9.938 Executing VM operation: HandshakeAllThreads (Deoptimize)
Event: 9.938 Executing VM operation: HandshakeAllThreads (Deoptimize) done
Event: 10.177 Executing VM operation: ParallelGCFailedAllocation (Allocation Failure)
Event: 10.181 Executing VM operation: ParallelGCFailedAllocation (Allocation Failure) done
Event: 10.299 Executing VM operation: CollectForMetadataAllocation (Metadata GC Threshold)
Event: 10.324 Executing VM operation: CollectForMetadataAllocation (Metadata GC Threshold) done
Event: 10.490 Executing VM operation: ParallelGCFailedAllocation (Allocation Failure)
Event: 10.492 Executing VM operation: ParallelGCFailedAllocation (Allocation Failure) done
Event: 11.495 Executing VM operation: Cleanup
Event: 11.606 Executing VM operation: Cleanup done
Event: 12.607 Executing VM operation: Cleanup
Event: 14.708 Executing VM operation: Cleanup done
Event: 14.764 Executing VM operation: HandshakeAllThreads (Deoptimize)
Event: 14.764 Executing VM operation: HandshakeAllThreads (Deoptimize) done
Event: 15.764 Executing VM operation: Cleanup

Memory protections (0 events):
No events

Nmethod flushes (0 events):
No events

Events (20 events):
Event: 8.771 Thread 0x000001f1985bd560 Thread added: 0x000001f1f7026570
Event: 9.037 Thread 0x000001f1985bd560 Thread added: 0x000001f1f7027290
Event: 9.084 Thread 0x000001f1f7027290 Thread added: 0x000001f1f7027920
Event: 9.084 Thread 0x000001f1f7027290 Thread added: 0x000001f1f70251c0
Event: 9.084 Thread 0x000001f1f7027290 Thread added: 0x000001f1f7027fb0
Event: 9.084 Thread 0x000001f1f7027290 Thread added: 0x000001f1f7024b30
Event: 9.084 Thread 0x000001f1f7027290 Thread added: 0x000001f1f7025ee0
Event: 9.084 Thread 0x000001f1f7027290 Thread added: 0x000001f1f761f100
Event: 9.252 Thread 0x000001f1f7026570 Thread added: 0x000001f1f761fe20
Event: 9.556 Thread 0x000001f1f7026570 Thread added: 0x000001f1f7620b40
Event: 9.935 Thread 0x000001f1f708a400 Thread exited: 0x000001f1f708a400
Event: 9.952 Thread 0x000001f1f7026570 Thread added: 0x000001f1f76211d0
Event: 9.975 Thread 0x000001f1f7026570 Thread added: 0x000001f1f761f790
Event: 9.991 Thread 0x000001f1f7026570 Thread added: 0x000001f1f761dd50
Event: 10.149 Thread 0x000001f1f15f0310 Thread added: 0x000001f1f23dcca0
Event: 10.265 Thread 0x000001f1f23dcca0 Thread exited: 0x000001f1f23dcca0
Event: 10.558 Thread 0x000001f1f13791d0 Thread added: 0x000001f1f9577d40
Event: 11.607 Thread 0x000001f1f9577d40 Thread exited: 0x000001f1f9577d40
Event: 11.658 Thread 0x000001f1f7026570 Thread added: 0x000001f1f76204b0
Event: 14.770 Thread 0x000001f1f13791d0 Thread added: 0x000001f1f9578ae0


Dynamic libraries:
0x00007ff61df40000 - 0x00007ff61df4e000 	c:\Users\saipr\.vscode\extensions\redhat.java-1.52.0-win32-x64\jre\21.0.9-win32-x86_64\bin\java.exe
0x00007ffc46ae0000 - 0x00007ffc46d47000 	C:\Windows\SYSTEM32\ntdll.dll
0x00007ffc458b0000 - 0x00007ffc45979000 	C:\Windows\System32\KERNEL32.DLL
0x00007ffc43e40000 - 0x00007ffc4422f000 	C:\Windows\System32\KERNELBASE.dll
0x00007ffc40560000 - 0x00007ffc405ff000 	C:\Windows\SYSTEM32\apphelp.dll
0x00007ffc44510000 - 0x00007ffc4465b000 	C:\Windows\System32\ucrtbase.dll
0x00007ffbf3bb0000 - 0x00007ffbf3bc8000 	c:\Users\saipr\.vscode\extensions\redhat.java-1.52.0-win32-x64\jre\21.0.9-win32-x86_64\bin\jli.dll
0x00007ffc452a0000 - 0x00007ffc45465000 	C:\Windows\System32\USER32.dll
0x00007ffc44370000 - 0x00007ffc44397000 	C:\Windows\System32\win32u.dll
0x00007ffc460e0000 - 0x00007ffc4610b000 	C:\Windows\System32\GDI32.dll
0x00007ffc26b60000 - 0x00007ffc26df3000 	C:\Windows\WinSxS\amd64_microsoft.windows.common-controls_6595b64144ccf1df_6.0.26100.7309_none_3e05feeae336a044\COMCTL32.dll
0x00007ffc44240000 - 0x00007ffc4436c000 	C:\Windows\System32\gdi32full.dll
0x00007ffc443a0000 - 0x00007ffc44443000 	C:\Windows\System32\msvcp_win.dll
0x00007ffc457f0000 - 0x00007ffc45899000 	C:\Windows\System32\msvcrt.dll
0x00007ffbef3a0000 - 0x00007ffbef3be000 	c:\Users\saipr\.vscode\extensions\redhat.java-1.52.0-win32-x64\jre\21.0.9-win32-x86_64\bin\VCRUNTIME140.dll
0x00007ffc45d00000 - 0x00007ffc45d31000 	C:\Windows\System32\IMM32.DLL
0x00007ffc0ec40000 - 0x00007ffc0ec4c000 	c:\Users\saipr\.vscode\extensions\redhat.java-1.52.0-win32-x64\jre\21.0.9-win32-x86_64\bin\vcruntime140_1.dll
0x00007ffbc3f50000 - 0x00007ffbc3fdd000 	c:\Users\saipr\.vscode\extensions\redhat.java-1.52.0-win32-x64\jre\21.0.9-win32-x86_64\bin\msvcp140.dll
0x00007ffb50750000 - 0x00007ffb514f0000 	c:\Users\saipr\.vscode\extensions\redhat.java-1.52.0-win32-x64\jre\21.0.9-win32-x86_64\bin\server\jvm.dll
0x00007ffc45c10000 - 0x00007ffc45cc4000 	C:\Windows\System32\ADVAPI32.dll
0x00007ffc456c0000 - 0x00007ffc45766000 	C:\Windows\System32\sechost.dll
0x00007ffc45990000 - 0x00007ffc45aa8000 	C:\Windows\System32\RPCRT4.dll
0x00007ffc46310000 - 0x00007ffc46384000 	C:\Windows\System32\WS2_32.dll
0x00007ffc3d730000 - 0x00007ffc3d765000 	C:\Windows\SYSTEM32\WINMM.dll
0x00007ffc43a90000 - 0x00007ffc43aee000 	C:\Windows\SYSTEM32\POWRPROF.dll
0x00007ffc32ec0000 - 0x00007ffc32ecb000 	C:\Windows\SYSTEM32\VERSION.dll
0x00007ffc43a70000 - 0x00007ffc43a84000 	C:\Windows\SYSTEM32\UMPDC.dll
0x00007ffc429b0000 - 0x00007ffc429cb000 	C:\Windows\SYSTEM32\kernel.appcore.dll
0x00007ffc0b330000 - 0x00007ffc0b33a000 	c:\Users\saipr\.vscode\extensions\redhat.java-1.52.0-win32-x64\jre\21.0.9-win32-x86_64\bin\jimage.dll
0x00007ffc41420000 - 0x00007ffc41662000 	C:\Windows\SYSTEM32\DBGHELP.DLL
0x00007ffc45d50000 - 0x00007ffc460d6000 	C:\Windows\System32\combase.dll
0x00007ffc455e0000 - 0x00007ffc456b6000 	C:\Windows\System32\OLEAUT32.dll
0x00007ffc27f00000 - 0x00007ffc27f3c000 	C:\Windows\SYSTEM32\dbgcore.DLL
0x00007ffc44660000 - 0x00007ffc44705000 	C:\Windows\System32\bcryptPrimitives.dll
0x00007ffc03a70000 - 0x00007ffc03a7f000 	c:\Users\saipr\.vscode\extensions\redhat.java-1.52.0-win32-x64\jre\21.0.9-win32-x86_64\bin\instrument.dll
0x00007ffbef0c0000 - 0x00007ffbef0e0000 	c:\Users\saipr\.vscode\extensions\redhat.java-1.52.0-win32-x64\jre\21.0.9-win32-x86_64\bin\java.dll
0x00007ffc44a80000 - 0x00007ffc451d3000 	C:\Windows\System32\SHELL32.dll
0x00007ffc44710000 - 0x00007ffc4487a000 	C:\Windows\System32\wintypes.dll
0x00007ffc41800000 - 0x00007ffc4205e000 	C:\Windows\SYSTEM32\windows.storage.dll
0x00007ffc46510000 - 0x00007ffc46605000 	C:\Windows\System32\SHCORE.dll
0x00007ffc46490000 - 0x00007ffc464f6000 	C:\Windows\System32\shlwapi.dll
0x00007ffc43b50000 - 0x00007ffc43b79000 	C:\Windows\SYSTEM32\profapi.dll
0x00007ffbed880000 - 0x00007ffbed898000 	c:\Users\saipr\.vscode\extensions\redhat.java-1.52.0-win32-x64\jre\21.0.9-win32-x86_64\bin\zip.dll
0x00007ffbf5e80000 - 0x00007ffbf5e90000 	C:\Users\saipr\.vscode\extensions\redhat.java-1.52.0-win32-x64\jre\21.0.9-win32-x86_64\bin\net.dll
0x00007ffc3ce20000 - 0x00007ffc3cf48000 	C:\Windows\SYSTEM32\WINHTTP.dll
0x00007ffc42f30000 - 0x00007ffc42f9b000 	C:\Windows\system32\mswsock.dll
0x00007ffbed420000 - 0x00007ffbed436000 	C:\Users\saipr\.vscode\extensions\redhat.java-1.52.0-win32-x64\jre\21.0.9-win32-x86_64\bin\nio.dll
0x00007ffbf27d0000 - 0x00007ffbf27e0000 	c:\Users\saipr\.vscode\extensions\redhat.java-1.52.0-win32-x64\jre\21.0.9-win32-x86_64\bin\verify.dll
0x00007ffc1ceb0000 - 0x00007ffc1cef5000 	C:\Users\saipr\AppData\Roaming\Code\User\globalStorage\redhat.java\1.52.0\config_ss_win\org.eclipse.equinox.launcher\org.eclipse.equinox.launcher.win32.win32.x86_64_1.2.1500.v20260121-1430\eclipse_11919.dll
0x00007ffc46110000 - 0x00007ffc462a7000 	C:\Windows\System32\ole32.dll
0x00007ffc43220000 - 0x00007ffc4323b000 	C:\Windows\SYSTEM32\CRYPTSP.dll
0x00007ffc42910000 - 0x00007ffc4294a000 	C:\Windows\system32\rsaenh.dll
0x00007ffc42fe0000 - 0x00007ffc4300b000 	C:\Windows\SYSTEM32\USERENV.dll
0x00007ffc43b20000 - 0x00007ffc43b4a000 	C:\Windows\SYSTEM32\bcrypt.dll
0x00007ffc43210000 - 0x00007ffc4321c000 	C:\Windows\SYSTEM32\CRYPTBASE.dll
0x00007ffc423a0000 - 0x00007ffc423d4000 	C:\Windows\SYSTEM32\IPHLPAPI.DLL
0x00007ffc46500000 - 0x00007ffc4650a000 	C:\Windows\System32\NSI.dll
0x00007ffbd0cd0000 - 0x00007ffbd0d19000 	C:\Users\saipr\AppData\Local\Temp\jna-109199133\jna825405009730516970.dll
0x00007ffc45980000 - 0x00007ffc45988000 	C:\Windows\System32\PSAPI.DLL

JVMTI agents:
c:\Users\saipr\.vscode\extensions\redhat.java-1.52.0-win32-x64\lombok\lombok-1.18.39-4050.jar path:c:\Users\saipr\.vscode\extensions\redhat.java-1.52.0-win32-x64\jre\21.0.9-win32-x86_64\bin\instrument.dll, loaded, initialized, instrumentlib options:none

dbghelp: loaded successfully - version: 4.0.5 - missing functions: none
symbol engine: initialized successfully - sym options: 0x614 - pdb path: .;c:\Users\saipr\.vscode\extensions\redhat.java-1.52.0-win32-x64\jre\21.0.9-win32-x86_64\bin;C:\Windows\SYSTEM32;C:\Windows\WinSxS\amd64_microsoft.windows.common-controls_6595b64144ccf1df_6.0.26100.7309_none_3e05feeae336a044;c:\Users\saipr\.vscode\extensions\redhat.java-1.52.0-win32-x64\jre\21.0.9-win32-x86_64\bin\server;C:\Users\saipr\AppData\Roaming\Code\User\globalStorage\redhat.java\1.52.0\config_ss_win\org.eclipse.equinox.launcher\org.eclipse.equinox.launcher.win32.win32.x86_64_1.2.1500.v20260121-1430;C:\Users\saipr\AppData\Local\Temp\jna-109199133

VM Arguments:
jvm_args: --add-modules=ALL-SYSTEM --add-opens=java.base/java.util=ALL-UNNAMED --add-opens=java.base/java.lang=ALL-UNNAMED --add-opens=java.base/sun.nio.fs=ALL-UNNAMED -Declipse.application=org.eclipse.jdt.ls.core.id1 -Dosgi.bundles.defaultStartLevel=4 -Declipse.product=org.eclipse.jdt.ls.core.product -Djava.import.generatesMetadataFilesAtProjectRoot=false -DDetectVMInstallationsJob.disabled=true -Dfile.encoding=utf8 -XX:+UseParallelGC -XX:GCTimeRatio=4 -XX:AdaptiveSizePolicyWeight=90 -Dsun.zip.disableMemoryMapping=true -Xmx2G -Xms100m -Xlog:disable -javaagent:c:\Users\saipr\.vscode\extensions\redhat.java-1.52.0-win32-x64\lombok\lombok-1.18.39-4050.jar 
java_command: c:\Users\saipr\.vscode\extensions\redhat.java-1.52.0-win32-x64\server\plugins\org.eclipse.equinox.launcher_1.7.100.v20251111-0406.jar -configuration c:\Users\saipr\AppData\Roaming\Code\User\globalStorage\redhat.java\1.52.0\config_ss_win -data c:\Users\saipr\AppData\Roaming\Code\User\workspaceStorage\61bc5f8c344d07e087492ddddacfdf40\redhat.java\ss_ws --pipe=\\.\pipe\lsp-584d6e3ef02bce6abf03e940a49efff6-sock
java_class_path (initial): c:\Users\saipr\.vscode\extensions\redhat.java-1.52.0-win32-x64\server\plugins\org.eclipse.equinox.launcher_1.7.100.v20251111-0406.jar
Launcher Type: SUN_STANDARD

[Global flags]
    uintx AdaptiveSizePolicyWeight                 = 90                                        {product} {command line}
     intx CICompilerCount                          = 4                                         {product} {ergonomic}
    uintx GCTimeRatio                              = 4                                         {product} {command line}
   size_t InitialHeapSize                          = 104857600                                 {product} {command line}
   size_t MaxHeapSize                              = 2147483648                                {product} {command line}
   size_t MaxNewSize                               = 715653120                                 {product} {ergonomic}
   size_t MinHeapDeltaBytes                        = 524288                                    {product} {ergonomic}
   size_t MinHeapSize                              = 104857600                                 {product} {command line}
   size_t NewSize                                  = 34603008                                  {product} {ergonomic}
    uintx NonNMethodCodeHeapSize                   = 5839372                                {pd product} {ergonomic}
    uintx NonProfiledCodeHeapSize                  = 122909434                              {pd product} {ergonomic}
   size_t OldSize                                  = 70254592                                  {product} {ergonomic}
    uintx ProfiledCodeHeapSize                     = 122909434                              {pd product} {ergonomic}
    uintx ReservedCodeCacheSize                    = 251658240                              {pd product} {ergonomic}
     bool SegmentedCodeCache                       = true                                      {product} {ergonomic}
   size_t SoftMaxHeapSize                          = 2147483648                             {manageable} {ergonomic}
     bool UseCompressedOops                        = true                           {product lp64_product} {ergonomic}
     bool UseLargePagesIndividualAllocation        = false                                  {pd product} {ergonomic}
     bool UseParallelGC                            = true                                      {product} {command line}

Logging:
Log output configuration:
 #0: stdout all=off uptime,level,tags foldmultilines=false
 #1: stderr all=off uptime,level,tags foldmultilines=false

Release file:
JAVA_VERSION="21.0.9" 
MODULES="java.base java.compiler java.datatransfer java.xml java.prefs java.desktop java.instrument java.logging java.management java.security.sasl java.naming java.rmi java.management.rmi java.net.http java.scripting java.security.jgss java.transaction.xa java.sql java.sql.rowset java.xml.crypto java.se java.smartcardio jdk.accessibility jdk.internal.jvmstat jdk.attach jdk.charsets jdk.internal.opt jdk.zipfs jdk.compiler jdk.crypto.ec jdk.crypto.cryptoki jdk.crypto.mscapi jdk.dynalink jdk.internal.ed jdk.editpad jdk.hotspot.agent jdk.httpserver jdk.internal.le jdk.internal.vm.ci jdk.internal.vm.compiler jdk.internal.vm.compiler.management jdk.jartool jdk.javadoc jdk.jcmd jdk.management jdk.management.agent jdk.jconsole jdk.jdeps jdk.jdwp.agent jdk.jdi jdk.jfr jdk.jshell jdk.jsobject jdk.jstatd jdk.localedata jdk.management.jfr jdk.naming.dns jdk.naming.rmi jdk.net jdk.nio.mapmode jdk.random jdk.sctp jdk.security.auth jdk.security.jgss jdk.unsupported jdk.unsupported.desktop jdk.xml.dom" 

Environment Variables:
PATH=C:\Program Files\Common Files\Oracle\Java\javapath;C:\Windows\system32;C:\Windows;C:\Windows\System32\Wbem;C:\Windows\System32\WindowsPowerShell\v1.0\;C:\Windows\System32\OpenSSH\;C:\Program Files\dotnet\;C:\Program Files\Java\jdk-21\bin;C:\Program Files\Git\cmd;C:\Program Files (x86)\Pulse Secure\VC142.CRT\X64\;C:\Program Files (x86)\Pulse Secure\VC142.CRT\X86\;C:\Program Files (x86)\Common Files\Pulse Secure\TNC Client Plugin\;C:\Program Files\MySQL\MySQL Server 8.0\bin;C:\Program Files\nodejs\;C:\Program Files\OpenSSL-Win64\bin;;C:\Program Files\Docker\Docker\resources\bin;c:\Users\saipr\AppData\Local\Programs\cursor\resources\app\bin;C:\Program Files\Microsoft SQL Server\170\Tools\Binn\;C:\Program Files\Microsoft SQL Server\Client SDK\ODBC\170\Tools\Binn\;C:\Program Files\MySQL\MySQL Shell 8.0\bin\;C:\Users\saipr\AppData\Local\Microsoft\WindowsApps;C:\Users\saipr\AppData\Local\Programs\Microsoft VS Code\bin;C:\Users\saipr\AppData\Roaming\npm;C:\Users\saipr\AppData\Local\Programs\cursor\resources\app\bin;C:\Users\saipr\.dotnet\tools
USERNAME=saipr
OS=Windows_NT
PROCESSOR_IDENTIFIER=Intel64 Family 6 Model 186 Stepping 3, GenuineIntel
TMP=C:\Users\saipr\AppData\Local\Temp
TEMP=C:\Users\saipr\AppData\Local\Temp




Periodic native trim disabled

---------------  S Y S T E M  ---------------

OS:
 Windows 11 , 64 bit Build 26100 (10.0.26100.7623)
OS uptime: 21 days 6:10 hours
Hyper-V role detected

CPU: total 12 (initial active 12) (6 cores per cpu, 2 threads per core) family 6 model 186 stepping 3 microcode 0x4128, cx8, cmov, fxsr, ht, mmx, 3dnowpref, sse, sse2, sse3, ssse3, sse4.1, sse4.2, popcnt, lzcnt, tsc, tscinvbit, avx, avx2, aes, erms, clmul, bmi1, bmi2, adx, sha, fma, vzeroupper, clflush, clflushopt, clwb, hv, serialize, rdtscp, rdpid, fsrm, f16c, cet_ibt, cet_ss
Processor Information for processor 0
  Max Mhz: 1700, Current Mhz: 1700, Mhz Limit: 1700
Processor Information for processor 1
  Max Mhz: 1700, Current Mhz: 1700, Mhz Limit: 1700
Processor Information for processor 2
  Max Mhz: 1700, Current Mhz: 1700, Mhz Limit: 1700
Processor Information for processor 3
  Max Mhz: 1700, Current Mhz: 1700, Mhz Limit: 1700
Processor Information for processor 4
  Max Mhz: 1700, Current Mhz: 1700, Mhz Limit: 1700
Processor Information for processor 5
  Max Mhz: 1700, Current Mhz: 1700, Mhz Limit: 1700
Processor Information for processor 6
  Max Mhz: 1700, Current Mhz: 1700, Mhz Limit: 1700
Processor Information for processor 7
  Max Mhz: 1700, Current Mhz: 1558, Mhz Limit: 1700
Processor Information for processor 8
  Max Mhz: 1700, Current Mhz: 1700, Mhz Limit: 1700
Processor Information for processor 9
  Max Mhz: 1700, Current Mhz: 1558, Mhz Limit: 1700
Processor Information for processor 10
  Max Mhz: 1700, Current Mhz: 1700, Mhz Limit: 1700
Processor Information for processor 11
  Max Mhz: 1700, Current Mhz: 1700, Mhz Limit: 1700

Memory: 4k page, system-wide physical 16068M (2493M free)
TotalPageFile size 60489M (AvailPageFile size 2M)
current process WorkingSet (physical memory assigned to process): 168M, peak: 173M
current process commit charge ("private bytes"): 305M, peak: 309M

vm_info: OpenJDK 64-Bit Server VM (21.0.9+10-LTS) for windows-amd64 JRE (21.0.9+10-LTS), built on 2025-10-21T00:00:00Z by "admin" with unknown MS VC++:1942

END.
